13-Feb-2019 12:30:33.601 INFO [http-nio-8081-exec-19] org.springframework.web.context.support.XmlWebApplicationContext.doClose Closing WebApplicationContext for namespace 'spring-dispatcher-servlet': startup date [Mon Feb 11 19:43:33 EST 2019]; parent: Root WebApplicationContext
13-Feb-2019 12:30:33.611 INFO [http-nio-8081-exec-19] org.springframework.web.context.support.XmlWebApplicationContext.doClose Closing Root WebApplicationContext: startup date [Mon Feb 11 19:43:28 EST 2019]; root of context hierarchy
13-Feb-2019 12:30:34.186 INFO [http-nio-8081-exec-19] org.apache.catalina.startup.HostConfig.undeploy Undeploying context [/FirstMavenProjectUsingArchetype]
13-Feb-2019 12:30:44.801 INFO [http-nio-8081-exec-20] org.apache.catalina.startup.HostConfig.deployDescriptor Deploying deployment descriptor [/Users/bretthanson/Desktop/Java/bretthanson/apache-tomcat-9.0.16/conf/Catalina/localhost/FirstMavenProjectUsingArchetype.xml]
13-Feb-2019 12:30:44.808 WARNING [http-nio-8081-exec-20] org.apache.catalina.startup.HostConfig.deployDescriptor The path attribute with value [/FirstMavenProjectUsingArchetype] in deployment descriptor [/Users/bretthanson/Desktop/Java/bretthanson/apache-tomcat-9.0.16/conf/Catalina/localhost/FirstMavenProjectUsingArchetype.xml] has been ignored
13-Feb-2019 12:30:46.917 INFO [http-nio-8081-exec-20] org.apache.jasper.servlet.TldScanner.scanJars At least one JAR was scanned for TLDs yet contained no TLDs. Enable debug logging for this logger for a complete list of JARs that were scanned but no TLDs were found in them. Skipping unneeded JARs during scanning can improve startup time and JSP compilation time.
13-Feb-2019 12:30:46.982 INFO [http-nio-8081-exec-20] org.springframework.web.context.ContextLoader.initWebApplicationContext Root WebApplicationContext: initialization started
13-Feb-2019 12:30:47.136 INFO [http-nio-8081-exec-20] org.springframework.web.context.support.XmlWebApplicationContext.prepareRefresh Refreshing Root WebApplicationContext: startup date [Wed Feb 13 12:30:47 EST 2019]; root of context hierarchy
13-Feb-2019 12:30:47.206 INFO [http-nio-8081-exec-20] org.springframework.beans.factory.xml.XmlBeanDefinitionReader.loadBeanDefinitions Loading XML bean definitions from ServletContext resource [/WEB-INF/spring-dispatcher-servlet.xml]
13-Feb-2019 12:30:47.553 INFO [http-nio-8081-exec-20] org.springframework.beans.factory.xml.XmlBeanDefinitionReader.loadBeanDefinitions Loading XML bean definitions from class path resource [spring-persistence.xml]
13-Feb-2019 12:30:47.917 INFO [http-nio-8081-exec-20] org.springframework.beans.factory.annotation.AutowiredAnnotationBeanPostProcessor.<init> JSR-330 'javax.inject.Inject' annotation found and supported for autowiring
13-Feb-2019 12:30:48.230 INFO [http-nio-8081-exec-20] org.springframework.web.servlet.mvc.method.annotation.RequestMappingHandlerMapping.register Mapped "{[/hello/sayhi],methods=[GET]}" onto public java.lang.String com.thesoftwareguild.firstmavenprojectusingarchetype.HelloController.sayHi(java.util.Map<java.lang.String, java.lang.Object>)
13-Feb-2019 12:30:48.373 INFO [http-nio-8081-exec-20] org.hibernate.validator.internal.util.Version.<clinit> HV000001: Hibernate Validator 5.2.2.Final
13-Feb-2019 12:30:48.836 INFO [http-nio-8081-exec-20] org.springframework.web.servlet.mvc.method.annotation.RequestMappingHandlerAdapter.initControllerAdviceCache Looking for @ControllerAdvice: Root WebApplicationContext: startup date [Wed Feb 13 12:30:47 EST 2019]; root of context hierarchy
13-Feb-2019 12:30:48.955 INFO [http-nio-8081-exec-20] org.springframework.web.servlet.mvc.method.annotation.RequestMappingHandlerAdapter.initControllerAdviceCache Looking for @ControllerAdvice: Root WebApplicationContext: startup date [Wed Feb 13 12:30:47 EST 2019]; root of context hierarchy
13-Feb-2019 12:30:49.144 INFO [http-nio-8081-exec-20] org.springframework.web.context.ContextLoader.initWebApplicationContext Root WebApplicationContext: initialization completed in 2161 ms
13-Feb-2019 12:30:49.150 INFO [http-nio-8081-exec-20] org.apache.catalina.startup.HostConfig.deployDescriptor Deployment of deployment descriptor [/Users/bretthanson/Desktop/Java/bretthanson/apache-tomcat-9.0.16/conf/Catalina/localhost/FirstMavenProjectUsingArchetype.xml] has finished in [4,348] ms
13-Feb-2019 12:30:49.159 INFO [http-nio-8081-exec-11] org.apache.catalina.util.LifecycleBase.start The start() method was called on component [StandardEngine[Catalina].StandardHost[localhost].StandardContext[/FirstMavenProjectUsingArchetype]] after start() had already been called. The second call will be ignored.
13-Feb-2019 12:30:52.893 INFO [http-nio-8081-exec-12] org.springframework.web.servlet.DispatcherServlet.initServletBean FrameworkServlet 'spring-dispatcher': initialization started
13-Feb-2019 12:30:52.897 INFO [http-nio-8081-exec-12] org.springframework.web.context.support.XmlWebApplicationContext.prepareRefresh Refreshing WebApplicationContext for namespace 'spring-dispatcher-servlet': startup date [Wed Feb 13 12:30:52 EST 2019]; parent: Root WebApplicationContext
13-Feb-2019 12:30:52.898 INFO [http-nio-8081-exec-12] org.springframework.beans.factory.xml.XmlBeanDefinitionReader.loadBeanDefinitions Loading XML bean definitions from ServletContext resource [/WEB-INF/spring-dispatcher-servlet.xml]
13-Feb-2019 12:30:52.924 INFO [http-nio-8081-exec-12] org.springframework.beans.factory.annotation.AutowiredAnnotationBeanPostProcessor.<init> JSR-330 'javax.inject.Inject' annotation found and supported for autowiring
13-Feb-2019 12:30:52.937 INFO [http-nio-8081-exec-12] org.springframework.web.servlet.mvc.method.annotation.RequestMappingHandlerMapping.register Mapped "{[/hello/sayhi],methods=[GET]}" onto public java.lang.String com.thesoftwareguild.firstmavenprojectusingarchetype.HelloController.sayHi(java.util.Map<java.lang.String, java.lang.Object>)
13-Feb-2019 12:30:52.961 INFO [http-nio-8081-exec-12] org.springframework.web.servlet.mvc.method.annotation.RequestMappingHandlerAdapter.initControllerAdviceCache Looking for @ControllerAdvice: WebApplicationContext for namespace 'spring-dispatcher-servlet': startup date [Wed Feb 13 12:30:52 EST 2019]; parent: Root WebApplicationContext
13-Feb-2019 12:30:52.975 INFO [http-nio-8081-exec-12] org.springframework.web.servlet.mvc.method.annotation.RequestMappingHandlerAdapter.initControllerAdviceCache Looking for @ControllerAdvice: WebApplicationContext for namespace 'spring-dispatcher-servlet': startup date [Wed Feb 13 12:30:52 EST 2019]; parent: Root WebApplicationContext
13-Feb-2019 12:30:53.017 INFO [http-nio-8081-exec-12] org.springframework.web.servlet.DispatcherServlet.initServletBean FrameworkServlet 'spring-dispatcher': initialization completed in 123 ms
