11-Feb-2019 16:44:33.792 INFO [http-nio-8080-exec-6] org.springframework.web.context.support.XmlWebApplicationContext.doClose Closing WebApplicationContext for namespace 'spring-dispatcher-servlet': startup date [Fri Feb 08 17:46:49 EST 2019]; parent: Root WebApplicationContext
11-Feb-2019 16:44:33.807 INFO [http-nio-8080-exec-6] org.springframework.web.context.support.XmlWebApplicationContext.doClose Closing Root WebApplicationContext: startup date [Fri Feb 08 17:46:44 EST 2019]; root of context hierarchy
11-Feb-2019 16:44:34.375 INFO [http-nio-8080-exec-6] org.apache.catalina.startup.HostConfig.undeploy Undeploying context [/FirstMavenProjectUsingArchetype]
11-Feb-2019 16:44:34.395 INFO [http-nio-8080-exec-2] org.apache.catalina.startup.HostConfig.deployDescriptor Deploying deployment descriptor [/Users/bretthanson/Desktop/Java/bretthanson/apache-tomcat-9.0.16/conf/Catalina/localhost/FirstMavenProjectUsingArchetype.xml]
11-Feb-2019 16:44:34.400 WARNING [http-nio-8080-exec-2] org.apache.catalina.startup.HostConfig.deployDescriptor The path attribute with value [/FirstMavenProjectUsingArchetype] in deployment descriptor [/Users/bretthanson/Desktop/Java/bretthanson/apache-tomcat-9.0.16/conf/Catalina/localhost/FirstMavenProjectUsingArchetype.xml] has been ignored
11-Feb-2019 16:44:35.806 INFO [http-nio-8080-exec-2] org.apache.jasper.servlet.TldScanner.scanJars At least one JAR was scanned for TLDs yet contained no TLDs. Enable debug logging for this logger for a complete list of JARs that were scanned but no TLDs were found in them. Skipping unneeded JARs during scanning can improve startup time and JSP compilation time.
11-Feb-2019 16:44:35.837 INFO [http-nio-8080-exec-2] org.springframework.web.context.ContextLoader.initWebApplicationContext Root WebApplicationContext: initialization started
11-Feb-2019 16:44:35.980 INFO [http-nio-8080-exec-2] org.springframework.web.context.support.XmlWebApplicationContext.prepareRefresh Refreshing Root WebApplicationContext: startup date [Mon Feb 11 16:44:35 EST 2019]; root of context hierarchy
11-Feb-2019 16:44:36.053 INFO [http-nio-8080-exec-2] org.springframework.beans.factory.xml.XmlBeanDefinitionReader.loadBeanDefinitions Loading XML bean definitions from ServletContext resource [/WEB-INF/spring-dispatcher-servlet.xml]
11-Feb-2019 16:44:36.314 INFO [http-nio-8080-exec-2] org.springframework.beans.factory.xml.XmlBeanDefinitionReader.loadBeanDefinitions Loading XML bean definitions from class path resource [spring-persistence.xml]
11-Feb-2019 16:44:36.480 INFO [http-nio-8080-exec-2] org.springframework.beans.factory.annotation.AutowiredAnnotationBeanPostProcessor.<init> JSR-330 'javax.inject.Inject' annotation found and supported for autowiring
11-Feb-2019 16:44:36.665 INFO [http-nio-8080-exec-2] org.springframework.web.servlet.mvc.method.annotation.RequestMappingHandlerMapping.register Mapped "{[/hello/sayhi],methods=[GET]}" onto public java.lang.String com.thesoftwareguild.firstmavenprojectusingarchetype.HelloController.sayHi(java.util.Map<java.lang.String, java.lang.Object>)
11-Feb-2019 16:44:36.711 INFO [http-nio-8080-exec-2] org.hibernate.validator.internal.util.Version.<clinit> HV000001: Hibernate Validator 5.2.2.Final
11-Feb-2019 16:44:37.096 INFO [http-nio-8080-exec-2] org.springframework.web.servlet.mvc.method.annotation.RequestMappingHandlerAdapter.initControllerAdviceCache Looking for @ControllerAdvice: Root WebApplicationContext: startup date [Mon Feb 11 16:44:35 EST 2019]; root of context hierarchy
11-Feb-2019 16:44:37.142 INFO [http-nio-8080-exec-2] org.springframework.web.servlet.mvc.method.annotation.RequestMappingHandlerAdapter.initControllerAdviceCache Looking for @ControllerAdvice: Root WebApplicationContext: startup date [Mon Feb 11 16:44:35 EST 2019]; root of context hierarchy
11-Feb-2019 16:44:37.219 INFO [http-nio-8080-exec-2] org.springframework.web.context.ContextLoader.initWebApplicationContext Root WebApplicationContext: initialization completed in 1382 ms
11-Feb-2019 16:44:37.223 INFO [http-nio-8080-exec-2] org.apache.catalina.startup.HostConfig.deployDescriptor Deployment of deployment descriptor [/Users/bretthanson/Desktop/Java/bretthanson/apache-tomcat-9.0.16/conf/Catalina/localhost/FirstMavenProjectUsingArchetype.xml] has finished in [2,828] ms
11-Feb-2019 16:44:37.240 INFO [http-nio-8080-exec-9] org.apache.catalina.util.LifecycleBase.start The start() method was called on component [StandardEngine[Catalina].StandardHost[localhost].StandardContext[/FirstMavenProjectUsingArchetype]] after start() had already been called. The second call will be ignored.
11-Feb-2019 16:44:40.767 INFO [http-nio-8080-exec-11] org.springframework.web.servlet.DispatcherServlet.initServletBean FrameworkServlet 'spring-dispatcher': initialization started
11-Feb-2019 16:44:40.770 INFO [http-nio-8080-exec-11] org.springframework.web.context.support.XmlWebApplicationContext.prepareRefresh Refreshing WebApplicationContext for namespace 'spring-dispatcher-servlet': startup date [Mon Feb 11 16:44:40 EST 2019]; parent: Root WebApplicationContext
11-Feb-2019 16:44:40.771 INFO [http-nio-8080-exec-11] org.springframework.beans.factory.xml.XmlBeanDefinitionReader.loadBeanDefinitions Loading XML bean definitions from ServletContext resource [/WEB-INF/spring-dispatcher-servlet.xml]
11-Feb-2019 16:44:40.800 INFO [http-nio-8080-exec-11] org.springframework.beans.factory.annotation.AutowiredAnnotationBeanPostProcessor.<init> JSR-330 'javax.inject.Inject' annotation found and supported for autowiring
11-Feb-2019 16:44:40.814 INFO [http-nio-8080-exec-11] org.springframework.web.servlet.mvc.method.annotation.RequestMappingHandlerMapping.register Mapped "{[/hello/sayhi],methods=[GET]}" onto public java.lang.String com.thesoftwareguild.firstmavenprojectusingarchetype.HelloController.sayHi(java.util.Map<java.lang.String, java.lang.Object>)
11-Feb-2019 16:44:40.837 INFO [http-nio-8080-exec-11] org.springframework.web.servlet.mvc.method.annotation.RequestMappingHandlerAdapter.initControllerAdviceCache Looking for @ControllerAdvice: WebApplicationContext for namespace 'spring-dispatcher-servlet': startup date [Mon Feb 11 16:44:40 EST 2019]; parent: Root WebApplicationContext
11-Feb-2019 16:44:40.849 INFO [http-nio-8080-exec-11] org.springframework.web.servlet.mvc.method.annotation.RequestMappingHandlerAdapter.initControllerAdviceCache Looking for @ControllerAdvice: WebApplicationContext for namespace 'spring-dispatcher-servlet': startup date [Mon Feb 11 16:44:40 EST 2019]; parent: Root WebApplicationContext
11-Feb-2019 16:44:40.888 INFO [http-nio-8080-exec-11] org.springframework.web.servlet.DispatcherServlet.initServletBean FrameworkServlet 'spring-dispatcher': initialization completed in 121 ms
11-Feb-2019 16:45:41.558 INFO [http-nio-8080-exec-17] org.springframework.web.context.support.XmlWebApplicationContext.doClose Closing WebApplicationContext for namespace 'spring-dispatcher-servlet': startup date [Mon Feb 11 16:44:40 EST 2019]; parent: Root WebApplicationContext
11-Feb-2019 16:45:41.570 INFO [http-nio-8080-exec-17] org.springframework.web.context.support.XmlWebApplicationContext.doClose Closing Root WebApplicationContext: startup date [Mon Feb 11 16:44:35 EST 2019]; root of context hierarchy
11-Feb-2019 16:45:42.088 INFO [http-nio-8080-exec-17] org.apache.catalina.startup.HostConfig.undeploy Undeploying context [/FirstMavenProjectUsingArchetype]
11-Feb-2019 16:45:42.099 INFO [http-nio-8080-exec-16] org.apache.catalina.startup.HostConfig.deployDescriptor Deploying deployment descriptor [/Users/bretthanson/Desktop/Java/bretthanson/apache-tomcat-9.0.16/conf/Catalina/localhost/FirstMavenProjectUsingArchetype.xml]
11-Feb-2019 16:45:42.100 WARNING [http-nio-8080-exec-16] org.apache.catalina.startup.HostConfig.deployDescriptor The path attribute with value [/FirstMavenProjectUsingArchetype] in deployment descriptor [/Users/bretthanson/Desktop/Java/bretthanson/apache-tomcat-9.0.16/conf/Catalina/localhost/FirstMavenProjectUsingArchetype.xml] has been ignored
11-Feb-2019 16:45:42.941 INFO [http-nio-8080-exec-16] org.apache.jasper.servlet.TldScanner.scanJars At least one JAR was scanned for TLDs yet contained no TLDs. Enable debug logging for this logger for a complete list of JARs that were scanned but no TLDs were found in them. Skipping unneeded JARs during scanning can improve startup time and JSP compilation time.
11-Feb-2019 16:45:42.963 INFO [http-nio-8080-exec-16] org.springframework.web.context.ContextLoader.initWebApplicationContext Root WebApplicationContext: initialization started
11-Feb-2019 16:45:43.048 INFO [http-nio-8080-exec-16] org.springframework.web.context.support.XmlWebApplicationContext.prepareRefresh Refreshing Root WebApplicationContext: startup date [Mon Feb 11 16:45:43 EST 2019]; root of context hierarchy
11-Feb-2019 16:45:43.088 INFO [http-nio-8080-exec-16] org.springframework.beans.factory.xml.XmlBeanDefinitionReader.loadBeanDefinitions Loading XML bean definitions from ServletContext resource [/WEB-INF/spring-dispatcher-servlet.xml]
11-Feb-2019 16:45:43.232 INFO [http-nio-8080-exec-16] org.springframework.beans.factory.xml.XmlBeanDefinitionReader.loadBeanDefinitions Loading XML bean definitions from class path resource [spring-persistence.xml]
11-Feb-2019 16:45:43.337 INFO [http-nio-8080-exec-16] org.springframework.beans.factory.annotation.AutowiredAnnotationBeanPostProcessor.<init> JSR-330 'javax.inject.Inject' annotation found and supported for autowiring
11-Feb-2019 16:45:43.479 INFO [http-nio-8080-exec-16] org.springframework.web.servlet.mvc.method.annotation.RequestMappingHandlerMapping.register Mapped "{[/hello/sayhi],methods=[GET]}" onto public java.lang.String com.thesoftwareguild.firstmavenprojectusingarchetype.HelloController.sayHi(java.util.Map<java.lang.String, java.lang.Object>)
11-Feb-2019 16:45:43.518 INFO [http-nio-8080-exec-16] org.hibernate.validator.internal.util.Version.<clinit> HV000001: Hibernate Validator 5.2.2.Final
11-Feb-2019 16:45:43.850 INFO [http-nio-8080-exec-16] org.springframework.web.servlet.mvc.method.annotation.RequestMappingHandlerAdapter.initControllerAdviceCache Looking for @ControllerAdvice: Root WebApplicationContext: startup date [Mon Feb 11 16:45:43 EST 2019]; root of context hierarchy
11-Feb-2019 16:45:43.900 INFO [http-nio-8080-exec-16] org.springframework.web.servlet.mvc.method.annotation.RequestMappingHandlerAdapter.initControllerAdviceCache Looking for @ControllerAdvice: Root WebApplicationContext: startup date [Mon Feb 11 16:45:43 EST 2019]; root of context hierarchy
11-Feb-2019 16:45:44.000 INFO [http-nio-8080-exec-16] org.springframework.web.context.ContextLoader.initWebApplicationContext Root WebApplicationContext: initialization completed in 1037 ms
11-Feb-2019 16:45:44.002 INFO [http-nio-8080-exec-16] org.apache.catalina.startup.HostConfig.deployDescriptor Deployment of deployment descriptor [/Users/bretthanson/Desktop/Java/bretthanson/apache-tomcat-9.0.16/conf/Catalina/localhost/FirstMavenProjectUsingArchetype.xml] has finished in [1,903] ms
11-Feb-2019 16:45:44.009 INFO [http-nio-8080-exec-13] org.apache.catalina.util.LifecycleBase.start The start() method was called on component [StandardEngine[Catalina].StandardHost[localhost].StandardContext[/FirstMavenProjectUsingArchetype]] after start() had already been called. The second call will be ignored.
11-Feb-2019 16:50:58.813 INFO [Thread-5] org.apache.coyote.AbstractProtocol.pause Pausing ProtocolHandler ["http-nio-8080"]
11-Feb-2019 16:50:58.823 INFO [Thread-5] org.apache.coyote.AbstractProtocol.pause Pausing ProtocolHandler ["ajp-nio-8009"]
11-Feb-2019 16:50:58.830 INFO [Thread-5] org.apache.catalina.core.StandardService.stopInternal Stopping service [Catalina]
11-Feb-2019 16:50:58.843 INFO [Thread-5] org.springframework.web.context.support.XmlWebApplicationContext.doClose Closing Root WebApplicationContext: startup date [Mon Feb 11 16:45:43 EST 2019]; root of context hierarchy
11-Feb-2019 16:50:58.857 INFO [Thread-5] org.apache.coyote.AbstractProtocol.stop Stopping ProtocolHandler ["http-nio-8080"]
11-Feb-2019 16:50:58.859 INFO [Thread-5] org.apache.coyote.AbstractProtocol.stop Stopping ProtocolHandler ["ajp-nio-8009"]
11-Feb-2019 16:50:58.861 INFO [Thread-5] org.apache.coyote.AbstractProtocol.destroy Destroying ProtocolHandler ["http-nio-8080"]
11-Feb-2019 16:50:58.861 INFO [Thread-5] org.apache.coyote.AbstractProtocol.destroy Destroying ProtocolHandler ["ajp-nio-8009"]
11-Feb-2019 19:43:21.081 INFO [main] org.apache.catalina.startup.VersionLoggerListener.log Server version name:   Apache Tomcat/9.0.16
11-Feb-2019 19:43:21.086 INFO [main] org.apache.catalina.startup.VersionLoggerListener.log Server built:          Feb 4 2019 16:30:29 UTC
11-Feb-2019 19:43:21.086 INFO [main] org.apache.catalina.startup.VersionLoggerListener.log Server version number: 9.0.16.0
11-Feb-2019 19:43:21.086 INFO [main] org.apache.catalina.startup.VersionLoggerListener.log OS Name:               Mac OS X
11-Feb-2019 19:43:21.087 INFO [main] org.apache.catalina.startup.VersionLoggerListener.log OS Version:            10.13.6
11-Feb-2019 19:43:21.087 INFO [main] org.apache.catalina.startup.VersionLoggerListener.log Architecture:          x86_64
11-Feb-2019 19:43:21.087 INFO [main] org.apache.catalina.startup.VersionLoggerListener.log Java Home:             /Library/Java/JavaVirtualMachines/jdk-11.0.1.jdk/Contents/Home
11-Feb-2019 19:43:21.087 INFO [main] org.apache.catalina.startup.VersionLoggerListener.log JVM Version:           11.0.1+13-LTS
11-Feb-2019 19:43:21.088 INFO [main] org.apache.catalina.startup.VersionLoggerListener.log JVM Vendor:            Oracle Corporation
11-Feb-2019 19:43:21.088 INFO [main] org.apache.catalina.startup.VersionLoggerListener.log CATALINA_BASE:         /Users/bretthanson/Desktop/Java/bretthanson/apache-tomcat-9.0.16
11-Feb-2019 19:43:21.088 INFO [main] org.apache.catalina.startup.VersionLoggerListener.log CATALINA_HOME:         /Users/bretthanson/Desktop/Java/bretthanson/apache-tomcat-9.0.16
11-Feb-2019 19:43:21.091 INFO [main] org.apache.catalina.startup.VersionLoggerListener.log Command line argument: --add-opens=java.base/java.lang=ALL-UNNAMED
11-Feb-2019 19:43:21.092 INFO [main] org.apache.catalina.startup.VersionLoggerListener.log Command line argument: --add-opens=java.base/java.io=ALL-UNNAMED
11-Feb-2019 19:43:21.092 INFO [main] org.apache.catalina.startup.VersionLoggerListener.log Command line argument: --add-opens=java.rmi/sun.rmi.transport=ALL-UNNAMED
11-Feb-2019 19:43:21.092 INFO [main] org.apache.catalina.startup.VersionLoggerListener.log Command line argument: -Djava.util.logging.config.file=/Users/bretthanson/Desktop/Java/bretthanson/apache-tomcat-9.0.16/conf/logging.properties
11-Feb-2019 19:43:21.092 INFO [main] org.apache.catalina.startup.VersionLoggerListener.log Command line argument: -Djava.util.logging.manager=org.apache.juli.ClassLoaderLogManager
11-Feb-2019 19:43:21.092 INFO [main] org.apache.catalina.startup.VersionLoggerListener.log Command line argument: -Dhttp.nonProxyHosts=localhost|127.0.0.1|Bretts-MacBook-Pro.local
11-Feb-2019 19:43:21.092 INFO [main] org.apache.catalina.startup.VersionLoggerListener.log Command line argument: -Djdk.tls.ephemeralDHKeySize=2048
11-Feb-2019 19:43:21.093 INFO [main] org.apache.catalina.startup.VersionLoggerListener.log Command line argument: -Djava.protocol.handler.pkgs=org.apache.catalina.webresources
11-Feb-2019 19:43:21.093 INFO [main] org.apache.catalina.startup.VersionLoggerListener.log Command line argument: -Dorg.apache.catalina.security.SecurityListener.UMASK=0027
11-Feb-2019 19:43:21.093 INFO [main] org.apache.catalina.startup.VersionLoggerListener.log Command line argument: -Dignore.endorsed.dirs=
11-Feb-2019 19:43:21.093 INFO [main] org.apache.catalina.startup.VersionLoggerListener.log Command line argument: -Dcatalina.base=/Users/bretthanson/Desktop/Java/bretthanson/apache-tomcat-9.0.16
11-Feb-2019 19:43:21.093 INFO [main] org.apache.catalina.startup.VersionLoggerListener.log Command line argument: -Dcatalina.home=/Users/bretthanson/Desktop/Java/bretthanson/apache-tomcat-9.0.16
11-Feb-2019 19:43:21.093 INFO [main] org.apache.catalina.startup.VersionLoggerListener.log Command line argument: -Djava.io.tmpdir=/Users/bretthanson/Desktop/Java/bretthanson/apache-tomcat-9.0.16/temp
11-Feb-2019 19:43:21.094 INFO [main] org.apache.catalina.core.AprLifecycleListener.lifecycleEvent The APR based Apache Tomcat Native library which allows optimal performance in production environments was not found on the java.library.path: [/Users/bretthanson/Library/Java/Extensions:/Library/Java/Extensions:/Network/Library/Java/Extensions:/System/Library/Java/Extensions:/usr/lib/java:.]
11-Feb-2019 19:43:21.156 INFO [main] org.apache.coyote.AbstractProtocol.init Initializing ProtocolHandler ["http-nio-8081"]
11-Feb-2019 19:43:21.203 INFO [main] org.apache.coyote.AbstractProtocol.init Initializing ProtocolHandler ["ajp-nio-8009"]
11-Feb-2019 19:43:21.204 INFO [main] org.apache.catalina.startup.Catalina.load Server initialization in [633] milliseconds
11-Feb-2019 19:43:21.289 INFO [main] org.apache.catalina.core.StandardService.startInternal Starting service [Catalina]
11-Feb-2019 19:43:21.289 INFO [main] org.apache.catalina.core.StandardEngine.startInternal Starting Servlet engine: [Apache Tomcat/9.0.16]
11-Feb-2019 19:43:21.298 INFO [main] org.apache.catalina.startup.HostConfig.deployDescriptor Deploying deployment descriptor [/Users/bretthanson/Desktop/Java/bretthanson/apache-tomcat-9.0.16/conf/Catalina/localhost/FirstMavenProjectUsingArchetype.xml]
11-Feb-2019 19:43:21.314 WARNING [main] org.apache.catalina.startup.HostConfig.deployDescriptor The path attribute with value [/FirstMavenProjectUsingArchetype] in deployment descriptor [/Users/bretthanson/Desktop/Java/bretthanson/apache-tomcat-9.0.16/conf/Catalina/localhost/FirstMavenProjectUsingArchetype.xml] has been ignored
11-Feb-2019 19:43:23.185 INFO [main] org.apache.jasper.servlet.TldScanner.scanJars At least one JAR was scanned for TLDs yet contained no TLDs. Enable debug logging for this logger for a complete list of JARs that were scanned but no TLDs were found in them. Skipping unneeded JARs during scanning can improve startup time and JSP compilation time.
11-Feb-2019 19:43:23.253 INFO [main] org.springframework.web.context.ContextLoader.initWebApplicationContext Root WebApplicationContext: initialization started
11-Feb-2019 19:43:23.443 INFO [main] org.springframework.web.context.support.XmlWebApplicationContext.prepareRefresh Refreshing Root WebApplicationContext: startup date [Mon Feb 11 19:43:23 EST 2019]; root of context hierarchy
11-Feb-2019 19:43:23.508 INFO [main] org.springframework.beans.factory.xml.XmlBeanDefinitionReader.loadBeanDefinitions Loading XML bean definitions from ServletContext resource [/WEB-INF/spring-dispatcher-servlet.xml]
11-Feb-2019 19:43:23.801 INFO [main] org.springframework.beans.factory.xml.XmlBeanDefinitionReader.loadBeanDefinitions Loading XML bean definitions from class path resource [spring-persistence.xml]
11-Feb-2019 19:43:23.959 INFO [main] org.springframework.beans.factory.annotation.AutowiredAnnotationBeanPostProcessor.<init> JSR-330 'javax.inject.Inject' annotation found and supported for autowiring
11-Feb-2019 19:43:24.223 INFO [main] org.springframework.web.servlet.mvc.method.annotation.RequestMappingHandlerMapping.register Mapped "{[/hello/sayhi],methods=[GET]}" onto public java.lang.String com.thesoftwareguild.firstmavenprojectusingarchetype.HelloController.sayHi(java.util.Map<java.lang.String, java.lang.Object>)
11-Feb-2019 19:43:24.284 INFO [main] org.hibernate.validator.internal.util.Version.<clinit> HV000001: Hibernate Validator 5.2.2.Final
11-Feb-2019 19:43:24.584 INFO [main] org.springframework.web.servlet.mvc.method.annotation.RequestMappingHandlerAdapter.initControllerAdviceCache Looking for @ControllerAdvice: Root WebApplicationContext: startup date [Mon Feb 11 19:43:23 EST 2019]; root of context hierarchy
11-Feb-2019 19:43:24.647 INFO [main] org.springframework.web.servlet.mvc.method.annotation.RequestMappingHandlerAdapter.initControllerAdviceCache Looking for @ControllerAdvice: Root WebApplicationContext: startup date [Mon Feb 11 19:43:23 EST 2019]; root of context hierarchy
11-Feb-2019 19:43:24.789 INFO [main] org.springframework.web.context.ContextLoader.initWebApplicationContext Root WebApplicationContext: initialization completed in 1536 ms
11-Feb-2019 19:43:24.857 INFO [main] org.apache.catalina.startup.HostConfig.deployDescriptor Deployment of deployment descriptor [/Users/bretthanson/Desktop/Java/bretthanson/apache-tomcat-9.0.16/conf/Catalina/localhost/FirstMavenProjectUsingArchetype.xml] has finished in [3,559] ms
11-Feb-2019 19:43:24.858 INFO [main] org.apache.catalina.startup.HostConfig.deployDirectory Deploying web application directory [/Users/bretthanson/Desktop/Java/bretthanson/apache-tomcat-9.0.16/webapps/docs]
11-Feb-2019 19:43:24.881 INFO [main] org.apache.catalina.startup.HostConfig.deployDirectory Deployment of web application directory [/Users/bretthanson/Desktop/Java/bretthanson/apache-tomcat-9.0.16/webapps/docs] has finished in [23] ms
11-Feb-2019 19:43:24.881 INFO [main] org.apache.catalina.startup.HostConfig.deployDirectory Deploying web application directory [/Users/bretthanson/Desktop/Java/bretthanson/apache-tomcat-9.0.16/webapps/manager]
11-Feb-2019 19:43:24.927 INFO [main] org.apache.catalina.startup.HostConfig.deployDirectory Deployment of web application directory [/Users/bretthanson/Desktop/Java/bretthanson/apache-tomcat-9.0.16/webapps/manager] has finished in [46] ms
11-Feb-2019 19:43:24.928 INFO [main] org.apache.catalina.startup.HostConfig.deployDirectory Deploying web application directory [/Users/bretthanson/Desktop/Java/bretthanson/apache-tomcat-9.0.16/webapps/examples]
11-Feb-2019 19:43:25.168 INFO [main] org.apache.catalina.startup.HostConfig.deployDirectory Deployment of web application directory [/Users/bretthanson/Desktop/Java/bretthanson/apache-tomcat-9.0.16/webapps/examples] has finished in [239] ms
11-Feb-2019 19:43:25.168 INFO [main] org.apache.catalina.startup.HostConfig.deployDirectory Deploying web application directory [/Users/bretthanson/Desktop/Java/bretthanson/apache-tomcat-9.0.16/webapps/ROOT]
11-Feb-2019 19:43:25.190 INFO [main] org.apache.catalina.startup.HostConfig.deployDirectory Deployment of web application directory [/Users/bretthanson/Desktop/Java/bretthanson/apache-tomcat-9.0.16/webapps/ROOT] has finished in [22] ms
11-Feb-2019 19:43:25.191 INFO [main] org.apache.catalina.startup.HostConfig.deployDirectory Deploying web application directory [/Users/bretthanson/Desktop/Java/bretthanson/apache-tomcat-9.0.16/webapps/host-manager]
11-Feb-2019 19:43:25.211 INFO [main] org.apache.catalina.startup.HostConfig.deployDirectory Deployment of web application directory [/Users/bretthanson/Desktop/Java/bretthanson/apache-tomcat-9.0.16/webapps/host-manager] has finished in [21] ms
11-Feb-2019 19:43:25.218 INFO [main] org.apache.coyote.AbstractProtocol.start Starting ProtocolHandler ["http-nio-8081"]
11-Feb-2019 19:43:25.225 INFO [main] org.apache.coyote.AbstractProtocol.start Starting ProtocolHandler ["ajp-nio-8009"]
11-Feb-2019 19:43:25.236 INFO [main] org.apache.catalina.startup.Catalina.start Server startup in [4,030] milliseconds
11-Feb-2019 19:43:27.228 INFO [http-nio-8081-exec-2] org.springframework.web.context.support.XmlWebApplicationContext.doClose Closing Root WebApplicationContext: startup date [Mon Feb 11 19:43:23 EST 2019]; root of context hierarchy
11-Feb-2019 19:43:27.772 INFO [http-nio-8081-exec-2] org.apache.catalina.startup.HostConfig.undeploy Undeploying context [/FirstMavenProjectUsingArchetype]
11-Feb-2019 19:43:27.800 INFO [http-nio-8081-exec-9] org.apache.catalina.startup.HostConfig.deployDescriptor Deploying deployment descriptor [/Users/bretthanson/Desktop/Java/bretthanson/apache-tomcat-9.0.16/conf/Catalina/localhost/FirstMavenProjectUsingArchetype.xml]
11-Feb-2019 19:43:27.802 WARNING [http-nio-8081-exec-9] org.apache.catalina.startup.HostConfig.deployDescriptor The path attribute with value [/FirstMavenProjectUsingArchetype] in deployment descriptor [/Users/bretthanson/Desktop/Java/bretthanson/apache-tomcat-9.0.16/conf/Catalina/localhost/FirstMavenProjectUsingArchetype.xml] has been ignored
11-Feb-2019 19:43:28.700 INFO [http-nio-8081-exec-9] org.apache.jasper.servlet.TldScanner.scanJars At least one JAR was scanned for TLDs yet contained no TLDs. Enable debug logging for this logger for a complete list of JARs that were scanned but no TLDs were found in them. Skipping unneeded JARs during scanning can improve startup time and JSP compilation time.
11-Feb-2019 19:43:28.733 INFO [http-nio-8081-exec-9] org.springframework.web.context.ContextLoader.initWebApplicationContext Root WebApplicationContext: initialization started
11-Feb-2019 19:43:28.835 INFO [http-nio-8081-exec-9] org.springframework.web.context.support.XmlWebApplicationContext.prepareRefresh Refreshing Root WebApplicationContext: startup date [Mon Feb 11 19:43:28 EST 2019]; root of context hierarchy
11-Feb-2019 19:43:28.888 INFO [http-nio-8081-exec-9] org.springframework.beans.factory.xml.XmlBeanDefinitionReader.loadBeanDefinitions Loading XML bean definitions from ServletContext resource [/WEB-INF/spring-dispatcher-servlet.xml]
11-Feb-2019 19:43:29.091 INFO [http-nio-8081-exec-9] org.springframework.beans.factory.xml.XmlBeanDefinitionReader.loadBeanDefinitions Loading XML bean definitions from class path resource [spring-persistence.xml]
11-Feb-2019 19:43:29.240 INFO [http-nio-8081-exec-9] org.springframework.beans.factory.annotation.AutowiredAnnotationBeanPostProcessor.<init> JSR-330 'javax.inject.Inject' annotation found and supported for autowiring
11-Feb-2019 19:43:29.432 INFO [http-nio-8081-exec-9] org.springframework.web.servlet.mvc.method.annotation.RequestMappingHandlerMapping.register Mapped "{[/hello/sayhi],methods=[GET]}" onto public java.lang.String com.thesoftwareguild.firstmavenprojectusingarchetype.HelloController.sayHi(java.util.Map<java.lang.String, java.lang.Object>)
11-Feb-2019 19:43:29.487 INFO [http-nio-8081-exec-9] org.hibernate.validator.internal.util.Version.<clinit> HV000001: Hibernate Validator 5.2.2.Final
11-Feb-2019 19:43:29.838 INFO [http-nio-8081-exec-9] org.springframework.web.servlet.mvc.method.annotation.RequestMappingHandlerAdapter.initControllerAdviceCache Looking for @ControllerAdvice: Root WebApplicationContext: startup date [Mon Feb 11 19:43:28 EST 2019]; root of context hierarchy
11-Feb-2019 19:43:29.910 INFO [http-nio-8081-exec-9] org.springframework.web.servlet.mvc.method.annotation.RequestMappingHandlerAdapter.initControllerAdviceCache Looking for @ControllerAdvice: Root WebApplicationContext: startup date [Mon Feb 11 19:43:28 EST 2019]; root of context hierarchy
11-Feb-2019 19:43:30.037 INFO [http-nio-8081-exec-9] org.springframework.web.context.ContextLoader.initWebApplicationContext Root WebApplicationContext: initialization completed in 1304 ms
11-Feb-2019 19:43:30.041 INFO [http-nio-8081-exec-9] org.apache.catalina.startup.HostConfig.deployDescriptor Deployment of deployment descriptor [/Users/bretthanson/Desktop/Java/bretthanson/apache-tomcat-9.0.16/conf/Catalina/localhost/FirstMavenProjectUsingArchetype.xml] has finished in [2,242] ms
11-Feb-2019 19:43:30.048 INFO [http-nio-8081-exec-4] org.apache.catalina.util.LifecycleBase.start The start() method was called on component [StandardEngine[Catalina].StandardHost[localhost].StandardContext[/FirstMavenProjectUsingArchetype]] after start() had already been called. The second call will be ignored.
11-Feb-2019 19:43:33.969 INFO [http-nio-8081-exec-11] org.springframework.web.servlet.DispatcherServlet.initServletBean FrameworkServlet 'spring-dispatcher': initialization started
11-Feb-2019 19:43:33.975 INFO [http-nio-8081-exec-11] org.springframework.web.context.support.XmlWebApplicationContext.prepareRefresh Refreshing WebApplicationContext for namespace 'spring-dispatcher-servlet': startup date [Mon Feb 11 19:43:33 EST 2019]; parent: Root WebApplicationContext
11-Feb-2019 19:43:33.976 INFO [http-nio-8081-exec-11] org.springframework.beans.factory.xml.XmlBeanDefinitionReader.loadBeanDefinitions Loading XML bean definitions from ServletContext resource [/WEB-INF/spring-dispatcher-servlet.xml]
11-Feb-2019 19:43:34.006 INFO [http-nio-8081-exec-11] org.springframework.beans.factory.annotation.AutowiredAnnotationBeanPostProcessor.<init> JSR-330 'javax.inject.Inject' annotation found and supported for autowiring
11-Feb-2019 19:43:34.019 INFO [http-nio-8081-exec-11] org.springframework.web.servlet.mvc.method.annotation.RequestMappingHandlerMapping.register Mapped "{[/hello/sayhi],methods=[GET]}" onto public java.lang.String com.thesoftwareguild.firstmavenprojectusingarchetype.HelloController.sayHi(java.util.Map<java.lang.String, java.lang.Object>)
11-Feb-2019 19:43:34.043 INFO [http-nio-8081-exec-11] org.springframework.web.servlet.mvc.method.annotation.RequestMappingHandlerAdapter.initControllerAdviceCache Looking for @ControllerAdvice: WebApplicationContext for namespace 'spring-dispatcher-servlet': startup date [Mon Feb 11 19:43:33 EST 2019]; parent: Root WebApplicationContext
11-Feb-2019 19:43:34.060 INFO [http-nio-8081-exec-11] org.springframework.web.servlet.mvc.method.annotation.RequestMappingHandlerAdapter.initControllerAdviceCache Looking for @ControllerAdvice: WebApplicationContext for namespace 'spring-dispatcher-servlet': startup date [Mon Feb 11 19:43:33 EST 2019]; parent: Root WebApplicationContext
11-Feb-2019 19:43:34.108 INFO [http-nio-8081-exec-11] org.springframework.web.servlet.DispatcherServlet.initServletBean FrameworkServlet 'spring-dispatcher': initialization completed in 139 ms
