15-Feb-2019 09:11:06.098 INFO [http-nio-8081-exec-34] org.apache.catalina.core.ApplicationContext.log Manager: list: Listing contexts for virtual host 'localhost'
15-Feb-2019 09:11:06.106 INFO [http-nio-8081-exec-31] org.apache.catalina.core.ApplicationContext.log Manager: list: Listing contexts for virtual host 'localhost'
15-Feb-2019 09:11:06.118 INFO [http-nio-8081-exec-32] org.apache.catalina.core.ApplicationContext.log Manager: undeploy: Undeploying web application at '/ContacListMVC'
15-Feb-2019 09:11:06.263 INFO [http-nio-8081-exec-40] org.apache.catalina.core.ApplicationContext.log Manager: list: Listing contexts for virtual host 'localhost'
15-Feb-2019 09:11:06.696 INFO [http-nio-8081-exec-41] org.apache.catalina.core.ApplicationContext.log Manager: stop: Stopping web application '/ContacListMVC'
15-Feb-2019 09:11:06.702 INFO [http-nio-8081-exec-33] org.apache.catalina.core.ApplicationContext.log Manager: start: Starting web application '/ContacListMVC'
15-Feb-2019 09:11:06.707 INFO [http-nio-8081-exec-39] org.apache.catalina.core.ApplicationContext.log Manager: install: Installing context configuration at 'file:/var/folders/b8/3v5r64054jg_lnb5zt1_02bw0000gn/T/context9248240056998981535.xml'
15-Feb-2019 09:11:13.588 INFO [http-nio-8081-exec-33] org.apache.catalina.core.ApplicationContext.log Manager: list: Listing contexts for virtual host 'localhost'
15-Feb-2019 09:11:13.600 INFO [http-nio-8081-exec-42] org.apache.catalina.core.ApplicationContext.log Manager: list: Listing contexts for virtual host 'localhost'
15-Feb-2019 09:11:13.613 INFO [http-nio-8081-exec-43] org.apache.catalina.core.ApplicationContext.log Manager: undeploy: Undeploying web application at '/ContacListMVC'
15-Feb-2019 09:11:14.131 INFO [http-nio-8081-exec-34] org.apache.catalina.core.ApplicationContext.log Manager: install: Installing context configuration at 'file:/var/folders/b8/3v5r64054jg_lnb5zt1_02bw0000gn/T/context18035738185351997659.xml'
15-Feb-2019 09:36:26.512 INFO [http-nio-8081-exec-49] org.apache.catalina.core.ApplicationContext.log Manager: list: Listing contexts for virtual host 'localhost'
15-Feb-2019 09:36:26.522 INFO [http-nio-8081-exec-50] org.apache.catalina.core.ApplicationContext.log Manager: undeploy: Undeploying web application at '/ContacListMVC'
15-Feb-2019 09:36:58.036 INFO [http-nio-8081-exec-41] org.apache.catalina.core.ApplicationContext.log Manager: list: Listing contexts for virtual host 'localhost'
15-Feb-2019 09:36:58.044 INFO [http-nio-8081-exec-50] org.apache.catalina.core.ApplicationContext.log Manager: list: Listing contexts for virtual host 'localhost'
15-Feb-2019 09:36:58.070 INFO [http-nio-8081-exec-42] org.apache.catalina.core.ApplicationContext.log Manager: install: Installing context configuration at 'file:/var/folders/b8/3v5r64054jg_lnb5zt1_02bw0000gn/T/context6481423692349970999.xml'
15-Feb-2019 09:37:03.881 INFO [http-nio-8081-exec-41] org.apache.catalina.core.ApplicationContext.log Manager: list: Listing contexts for virtual host 'localhost'
15-Feb-2019 09:37:03.890 INFO [http-nio-8081-exec-49] org.apache.catalina.core.ApplicationContext.log Manager: list: Listing contexts for virtual host 'localhost'
15-Feb-2019 09:37:03.927 INFO [http-nio-8081-exec-50] org.apache.catalina.core.ApplicationContext.log Manager: undeploy: Undeploying web application at '/ContacListMVC'
15-Feb-2019 09:37:04.448 INFO [http-nio-8081-exec-42] org.apache.catalina.core.ApplicationContext.log Manager: install: Installing context configuration at 'file:/var/folders/b8/3v5r64054jg_lnb5zt1_02bw0000gn/T/context4438587386633056048.xml'
15-Feb-2019 10:54:15.749 INFO [http-nio-8083-exec-5] org.apache.catalina.core.ApplicationContext.log Manager: init: Associated with Deployer 'Catalina:type=Deployer,host=localhost'
15-Feb-2019 10:54:15.749 INFO [http-nio-8083-exec-5] org.apache.catalina.core.ApplicationContext.log Manager: init: Global resources are available
15-Feb-2019 10:54:15.807 INFO [http-nio-8083-exec-8] org.apache.catalina.core.ApplicationContext.log Manager: list: Listing contexts for virtual host 'localhost'
15-Feb-2019 10:54:15.819 INFO [http-nio-8083-exec-9] org.apache.catalina.core.ApplicationContext.log Manager: list: Listing contexts for virtual host 'localhost'
15-Feb-2019 10:54:15.840 INFO [http-nio-8083-exec-10] org.apache.catalina.core.ApplicationContext.log Manager: undeploy: Undeploying web application at '/ContacListMVC'
15-Feb-2019 10:54:16.365 INFO [http-nio-8083-exec-1] org.apache.catalina.core.ApplicationContext.log Manager: install: Installing context configuration at 'file:/var/folders/b8/3v5r64054jg_lnb5zt1_02bw0000gn/T/context6435245192627023875.xml'
15-Feb-2019 10:54:22.551 INFO [http-nio-8083-exec-10] org.apache.catalina.core.ApplicationContext.log Manager: list: Listing contexts for virtual host 'localhost'
15-Feb-2019 10:54:22.558 INFO [http-nio-8083-exec-9] org.apache.catalina.core.ApplicationContext.log Manager: list: Listing contexts for virtual host 'localhost'
15-Feb-2019 10:54:22.571 INFO [http-nio-8083-exec-1] org.apache.catalina.core.ApplicationContext.log Manager: undeploy: Undeploying web application at '/ContacListMVC'
15-Feb-2019 10:54:23.084 INFO [http-nio-8083-exec-2] org.apache.catalina.core.ApplicationContext.log Manager: install: Installing context configuration at 'file:/var/folders/b8/3v5r64054jg_lnb5zt1_02bw0000gn/T/context9290856435905095986.xml'
15-Feb-2019 11:00:54.774 INFO [http-nio-8083-exec-6] org.apache.catalina.core.ApplicationContext.log Manager: list: Listing contexts for virtual host 'localhost'
15-Feb-2019 11:00:56.129 INFO [http-nio-8083-exec-9] org.apache.catalina.core.ApplicationContext.log Manager: list: Listing contexts for virtual host 'localhost'
15-Feb-2019 11:00:56.145 INFO [http-nio-8083-exec-2] org.apache.catalina.core.ApplicationContext.log Manager: list: Listing contexts for virtual host 'localhost'
15-Feb-2019 11:00:56.161 INFO [http-nio-8083-exec-3] org.apache.catalina.core.ApplicationContext.log Manager: undeploy: Undeploying web application at '/ContacListMVC'
15-Feb-2019 11:00:56.677 INFO [http-nio-8083-exec-6] org.apache.catalina.core.ApplicationContext.log Manager: install: Installing context configuration at 'file:/var/folders/b8/3v5r64054jg_lnb5zt1_02bw0000gn/T/context6540772572773915774.xml'
15-Feb-2019 11:00:58.680 INFO [http-nio-8083-exec-7] org.apache.catalina.core.ApplicationContext.log Manager: start: Starting web application '/ContacListMVC'
15-Feb-2019 11:06:45.104 INFO [http-nio-8083-exec-5] org.apache.catalina.core.ApplicationContext.log Manager: list: Listing contexts for virtual host 'localhost'
15-Feb-2019 11:06:45.115 INFO [http-nio-8083-exec-8] org.apache.catalina.core.ApplicationContext.log Manager: list: Listing contexts for virtual host 'localhost'
15-Feb-2019 11:06:45.135 INFO [http-nio-8083-exec-10] org.apache.catalina.core.ApplicationContext.log Manager: undeploy: Undeploying web application at '/ContacListMVC'
15-Feb-2019 11:06:45.687 INFO [http-nio-8083-exec-1] org.apache.catalina.core.ApplicationContext.log Manager: install: Installing context configuration at 'file:/var/folders/b8/3v5r64054jg_lnb5zt1_02bw0000gn/T/context3391918504943465099.xml'
15-Feb-2019 11:06:47.571 INFO [http-nio-8083-exec-4] org.apache.catalina.core.ApplicationContext.log Manager: start: Starting web application '/ContacListMVC'
15-Feb-2019 11:23:48.063 INFO [http-nio-8083-exec-7] org.apache.catalina.core.ApplicationContext.log Manager: init: Associated with Deployer 'Catalina:type=Deployer,host=localhost'
15-Feb-2019 11:23:48.064 INFO [http-nio-8083-exec-7] org.apache.catalina.core.ApplicationContext.log Manager: init: Global resources are available
15-Feb-2019 11:23:48.128 INFO [http-nio-8083-exec-3] org.apache.catalina.core.ApplicationContext.log Manager: list: Listing contexts for virtual host 'localhost'
15-Feb-2019 11:23:48.143 INFO [http-nio-8083-exec-1] org.apache.catalina.core.ApplicationContext.log Manager: list: Listing contexts for virtual host 'localhost'
15-Feb-2019 11:23:48.172 INFO [http-nio-8083-exec-2] org.apache.catalina.core.ApplicationContext.log Manager: undeploy: Undeploying web application at '/ContacListMVC'
15-Feb-2019 11:23:48.745 INFO [http-nio-8083-exec-1] org.apache.catalina.core.ApplicationContext.log Manager: install: Installing context configuration at 'file:/var/folders/b8/3v5r64054jg_lnb5zt1_02bw0000gn/T/context1774492704567810969.xml'
15-Feb-2019 11:23:50.744 INFO [http-nio-8083-exec-8] org.apache.catalina.core.ApplicationContext.log Manager: start: Starting web application '/ContacListMVC'
15-Feb-2019 12:07:19.241 INFO [http-nio-8083-exec-15] org.apache.catalina.core.ApplicationContext.log Manager: list: Listing contexts for virtual host 'localhost'
15-Feb-2019 12:07:19.255 INFO [http-nio-8083-exec-16] org.apache.catalina.core.ApplicationContext.log Manager: list: Listing contexts for virtual host 'localhost'
15-Feb-2019 12:07:19.269 INFO [http-nio-8083-exec-17] org.apache.catalina.core.ApplicationContext.log Manager: undeploy: Undeploying web application at '/ContacListMVC'
15-Feb-2019 12:07:19.807 INFO [http-nio-8083-exec-15] org.apache.catalina.core.ApplicationContext.log Manager: install: Installing context configuration at 'file:/var/folders/b8/3v5r64054jg_lnb5zt1_02bw0000gn/T/context10404456264520168772.xml'
15-Feb-2019 12:07:22.196 INFO [http-nio-8083-exec-11] org.apache.catalina.core.ApplicationContext.log Manager: start: Starting web application '/ContacListMVC'
