16-Feb-2019 15:29:46.633 INFO [http-nio-8083-exec-25] org.apache.catalina.core.ApplicationContext.log Manager: list: Listing contexts for virtual host 'localhost'
16-Feb-2019 15:29:46.653 INFO [http-nio-8083-exec-26] org.apache.catalina.core.ApplicationContext.log Manager: list: Listing contexts for virtual host 'localhost'
16-Feb-2019 15:29:46.672 INFO [http-nio-8083-exec-27] org.apache.catalina.core.ApplicationContext.log Manager: undeploy: Undeploying web application at '/ContacListMVC'
16-Feb-2019 15:29:47.257 INFO [http-nio-8083-exec-26] org.apache.catalina.core.ApplicationContext.log Manager: install: Installing context configuration at 'file:/var/folders/b8/3v5r64054jg_lnb5zt1_02bw0000gn/T/context6087289108925386293.xml'
16-Feb-2019 15:29:49.917 INFO [http-nio-8083-exec-22] org.apache.catalina.core.ApplicationContext.log Manager: start: Starting web application '/ContacListMVC'
16-Feb-2019 16:26:27.025 INFO [http-nio-8083-exec-38] org.apache.catalina.core.ApplicationContext.log Manager: list: Listing contexts for virtual host 'localhost'
16-Feb-2019 16:26:27.042 INFO [http-nio-8083-exec-39] org.apache.catalina.core.ApplicationContext.log Manager: undeploy: Undeploying web application at '/ContacListMVC'
16-Feb-2019 18:44:15.706 INFO [http-nio-8083-exec-5] org.apache.catalina.core.ApplicationContext.log Manager: init: Associated with Deployer 'Catalina:type=Deployer,host=localhost'
16-Feb-2019 18:44:15.706 INFO [http-nio-8083-exec-5] org.apache.catalina.core.ApplicationContext.log Manager: init: Global resources are available
16-Feb-2019 18:44:15.768 INFO [http-nio-8083-exec-7] org.apache.catalina.core.ApplicationContext.log Manager: list: Listing contexts for virtual host 'localhost'
16-Feb-2019 18:44:15.778 INFO [http-nio-8083-exec-8] org.apache.catalina.core.ApplicationContext.log Manager: list: Listing contexts for virtual host 'localhost'
16-Feb-2019 18:44:15.812 INFO [http-nio-8083-exec-9] org.apache.catalina.core.ApplicationContext.log Manager: install: Installing context configuration at 'file:/var/folders/b8/3v5r64054jg_lnb5zt1_02bw0000gn/T/context6107390907751734713.xml'
16-Feb-2019 18:44:18.293 INFO [http-nio-8083-exec-10] org.apache.catalina.core.ApplicationContext.log Manager: start: Starting web application '/ContacListMVC'
16-Feb-2019 18:46:08.823 INFO [http-nio-8083-exec-10] org.apache.catalina.core.ApplicationContext.log Manager: list: Listing contexts for virtual host 'localhost'
16-Feb-2019 18:46:08.883 INFO [http-nio-8083-exec-1] org.apache.catalina.core.ApplicationContext.log Manager: restart: Reloading web application '/ContacListMVC'
16-Feb-2019 18:46:14.334 INFO [http-nio-8083-exec-7] org.apache.catalina.core.ApplicationContext.log Manager: list: Listing contexts for virtual host 'localhost'
16-Feb-2019 19:14:37.853 INFO [http-nio-8083-exec-11] org.apache.catalina.core.ApplicationContext.log Manager: list: Listing contexts for virtual host 'localhost'
16-Feb-2019 19:14:38.957 INFO [http-nio-8083-exec-13] org.apache.catalina.core.ApplicationContext.log Manager: list: Listing contexts for virtual host 'localhost'
16-Feb-2019 19:14:38.966 INFO [http-nio-8083-exec-11] org.apache.catalina.core.ApplicationContext.log Manager: list: Listing contexts for virtual host 'localhost'
16-Feb-2019 19:14:38.977 INFO [http-nio-8083-exec-14] org.apache.catalina.core.ApplicationContext.log Manager: undeploy: Undeploying web application at '/ContacListMVC'
16-Feb-2019 19:14:39.531 INFO [http-nio-8083-exec-16] org.apache.catalina.core.ApplicationContext.log Manager: install: Installing context configuration at 'file:/var/folders/b8/3v5r64054jg_lnb5zt1_02bw0000gn/T/context2257606411849684749.xml'
16-Feb-2019 19:14:41.417 INFO [http-nio-8083-exec-11] org.apache.catalina.core.ApplicationContext.log Manager: start: Starting web application '/ContacListMVC'
16-Feb-2019 19:15:04.290 INFO [http-nio-8083-exec-15] org.apache.catalina.core.ApplicationContext.log Manager: list: Listing contexts for virtual host 'localhost'
16-Feb-2019 19:15:05.706 INFO [http-nio-8083-exec-21] org.apache.catalina.core.ApplicationContext.log Manager: list: Listing contexts for virtual host 'localhost'
16-Feb-2019 19:15:05.711 INFO [http-nio-8083-exec-17] org.apache.catalina.core.ApplicationContext.log Manager: list: Listing contexts for virtual host 'localhost'
16-Feb-2019 19:15:05.721 INFO [http-nio-8083-exec-13] org.apache.catalina.core.ApplicationContext.log Manager: undeploy: Undeploying web application at '/ContacListMVC'
16-Feb-2019 19:15:06.250 INFO [http-nio-8083-exec-12] org.apache.catalina.core.ApplicationContext.log Manager: install: Installing context configuration at 'file:/var/folders/b8/3v5r64054jg_lnb5zt1_02bw0000gn/T/context2561113367995163888.xml'
16-Feb-2019 19:15:08.141 INFO [http-nio-8083-exec-24] org.apache.catalina.core.ApplicationContext.log Manager: start: Starting web application '/ContacListMVC'
16-Feb-2019 19:22:42.710 INFO [http-nio-8083-exec-31] org.apache.catalina.core.ApplicationContext.log Manager: list: Listing contexts for virtual host 'localhost'
16-Feb-2019 19:22:42.718 INFO [http-nio-8083-exec-32] org.apache.catalina.core.ApplicationContext.log Manager: list: Listing contexts for virtual host 'localhost'
16-Feb-2019 19:22:42.730 INFO [http-nio-8083-exec-33] org.apache.catalina.core.ApplicationContext.log Manager: undeploy: Undeploying web application at '/ContacListMVC'
16-Feb-2019 19:22:42.911 INFO [http-nio-8083-exec-36] org.apache.catalina.core.ApplicationContext.log Manager: list: Listing contexts for virtual host 'localhost'
16-Feb-2019 19:22:43.261 INFO [http-nio-8083-exec-30] org.apache.catalina.core.ApplicationContext.log Manager: install: Installing context configuration at 'file:/var/folders/b8/3v5r64054jg_lnb5zt1_02bw0000gn/T/context16073481980847107444.xml'
16-Feb-2019 19:22:45.085 INFO [http-nio-8083-exec-35] org.apache.catalina.core.ApplicationContext.log Manager: start: Starting web application '/ContacListMVC'
16-Feb-2019 19:23:10.091 INFO [http-nio-8083-exec-39] org.apache.catalina.core.ApplicationContext.log Manager: list: Listing contexts for virtual host 'localhost'
16-Feb-2019 19:23:10.101 INFO [http-nio-8083-exec-31] org.apache.catalina.core.ApplicationContext.log Manager: list: Listing contexts for virtual host 'localhost'
16-Feb-2019 19:23:10.113 INFO [http-nio-8083-exec-40] org.apache.catalina.core.ApplicationContext.log Manager: undeploy: Undeploying web application at '/ContacListMVC'
16-Feb-2019 19:23:10.321 INFO [http-nio-8083-exec-38] org.apache.catalina.core.ApplicationContext.log Manager: list: Listing contexts for virtual host 'localhost'
16-Feb-2019 19:23:10.644 INFO [http-nio-8083-exec-41] org.apache.catalina.core.ApplicationContext.log Manager: install: Installing context configuration at 'file:/var/folders/b8/3v5r64054jg_lnb5zt1_02bw0000gn/T/context14896601963923710495.xml'
16-Feb-2019 19:23:12.493 INFO [http-nio-8083-exec-33] org.apache.catalina.core.ApplicationContext.log Manager: start: Starting web application '/ContacListMVC'
16-Feb-2019 23:43:23.048 INFO [http-nio-8081-exec-5] org.apache.catalina.core.ApplicationContext.log Manager: init: Associated with Deployer 'Catalina:type=Deployer,host=localhost'
16-Feb-2019 23:43:23.049 INFO [http-nio-8081-exec-5] org.apache.catalina.core.ApplicationContext.log Manager: init: Global resources are available
16-Feb-2019 23:43:23.087 INFO [http-nio-8081-exec-9] org.apache.catalina.core.ApplicationContext.log Manager: list: Listing contexts for virtual host 'localhost'
16-Feb-2019 23:43:23.094 INFO [http-nio-8081-exec-10] org.apache.catalina.core.ApplicationContext.log Manager: list: Listing contexts for virtual host 'localhost'
16-Feb-2019 23:43:23.107 INFO [http-nio-8081-exec-2] org.apache.catalina.core.ApplicationContext.log Manager: undeploy: Undeploying web application at '/ContacListMVC'
16-Feb-2019 23:43:23.662 INFO [http-nio-8081-exec-8] org.apache.catalina.core.ApplicationContext.log Manager: install: Installing context configuration at 'file:/var/folders/b8/3v5r64054jg_lnb5zt1_02bw0000gn/T/context9963584703027700918.xml'
16-Feb-2019 23:43:25.639 INFO [http-nio-8081-exec-9] org.apache.catalina.core.ApplicationContext.log Manager: start: Starting web application '/ContacListMVC'
16-Feb-2019 23:48:51.857 INFO [http-nio-8081-exec-14] org.apache.catalina.core.ApplicationContext.log Manager: list: Listing contexts for virtual host 'localhost'
16-Feb-2019 23:48:54.411 INFO [http-nio-8081-exec-20] org.apache.catalina.core.ApplicationContext.log Manager: list: Listing contexts for virtual host 'localhost'
16-Feb-2019 23:48:54.425 INFO [http-nio-8081-exec-14] org.apache.catalina.core.ApplicationContext.log Manager: list: Listing contexts for virtual host 'localhost'
16-Feb-2019 23:48:54.448 INFO [http-nio-8081-exec-15] org.apache.catalina.core.ApplicationContext.log Manager: undeploy: Undeploying web application at '/ContacListMVC'
16-Feb-2019 23:48:54.998 INFO [http-nio-8081-exec-12] org.apache.catalina.core.ApplicationContext.log Manager: install: Installing context configuration at 'file:/var/folders/b8/3v5r64054jg_lnb5zt1_02bw0000gn/T/context13049026391193923960.xml'
16-Feb-2019 23:48:57.196 INFO [http-nio-8081-exec-20] org.apache.catalina.core.ApplicationContext.log Manager: start: Starting web application '/ContacListMVC'
16-Feb-2019 23:49:19.528 INFO [http-nio-8081-exec-25] org.apache.catalina.core.ApplicationContext.log Manager: list: Listing contexts for virtual host 'localhost'
16-Feb-2019 23:49:19.539 INFO [http-nio-8081-exec-18] org.apache.catalina.core.ApplicationContext.log Manager: list: Listing contexts for virtual host 'localhost'
16-Feb-2019 23:49:19.556 INFO [http-nio-8081-exec-19] org.apache.catalina.core.ApplicationContext.log Manager: undeploy: Undeploying web application at '/ContacListMVC'
16-Feb-2019 23:49:19.711 INFO [http-nio-8081-exec-22] org.apache.catalina.core.ApplicationContext.log Manager: list: Listing contexts for virtual host 'localhost'
16-Feb-2019 23:49:20.102 INFO [http-nio-8081-exec-11] org.apache.catalina.core.ApplicationContext.log Manager: install: Installing context configuration at 'file:/var/folders/b8/3v5r64054jg_lnb5zt1_02bw0000gn/T/context8499782612054358333.xml'
16-Feb-2019 23:49:21.989 INFO [http-nio-8081-exec-23] org.apache.catalina.core.ApplicationContext.log Manager: start: Starting web application '/ContacListMVC'
16-Feb-2019 23:50:00.982 INFO [http-nio-8081-exec-27] org.apache.catalina.core.ApplicationContext.log Manager: list: Listing contexts for virtual host 'localhost'
16-Feb-2019 23:50:00.997 INFO [http-nio-8081-exec-18] org.apache.catalina.core.ApplicationContext.log Manager: list: Listing contexts for virtual host 'localhost'
16-Feb-2019 23:50:01.012 INFO [http-nio-8081-exec-28] org.apache.catalina.core.ApplicationContext.log Manager: undeploy: Undeploying web application at '/ContacListMVC'
16-Feb-2019 23:50:01.171 INFO [http-nio-8081-exec-21] org.apache.catalina.core.ApplicationContext.log Manager: list: Listing contexts for virtual host 'localhost'
16-Feb-2019 23:50:01.549 INFO [http-nio-8081-exec-24] org.apache.catalina.core.ApplicationContext.log Manager: install: Installing context configuration at 'file:/var/folders/b8/3v5r64054jg_lnb5zt1_02bw0000gn/T/context10692539669976372985.xml'
16-Feb-2019 23:50:03.380 INFO [http-nio-8081-exec-27] org.apache.catalina.core.ApplicationContext.log Manager: start: Starting web application '/ContacListMVC'
16-Feb-2019 23:50:13.577 INFO [http-nio-8081-exec-28] org.apache.catalina.core.ApplicationContext.log Manager: list: Listing contexts for virtual host 'localhost'
16-Feb-2019 23:50:16.185 INFO [http-nio-8081-exec-32] org.apache.catalina.core.ApplicationContext.log Manager: list: Listing contexts for virtual host 'localhost'
16-Feb-2019 23:50:16.193 INFO [http-nio-8081-exec-27] org.apache.catalina.core.ApplicationContext.log Manager: list: Listing contexts for virtual host 'localhost'
16-Feb-2019 23:50:16.201 INFO [http-nio-8081-exec-28] org.apache.catalina.core.ApplicationContext.log Manager: undeploy: Undeploying web application at '/ContacListMVC'
16-Feb-2019 23:50:16.729 INFO [http-nio-8081-exec-26] org.apache.catalina.core.ApplicationContext.log Manager: install: Installing context configuration at 'file:/var/folders/b8/3v5r64054jg_lnb5zt1_02bw0000gn/T/context2971870446131089131.xml'
16-Feb-2019 23:50:18.572 INFO [http-nio-8081-exec-27] org.apache.catalina.core.ApplicationContext.log Manager: start: Starting web application '/ContacListMVC'
16-Feb-2019 23:50:24.260 INFO [http-nio-8081-exec-27] org.apache.catalina.core.ApplicationContext.log Manager: list: Listing contexts for virtual host 'localhost'
16-Feb-2019 23:54:35.218 INFO [http-nio-8081-exec-40] org.apache.catalina.core.ApplicationContext.log Manager: list: Listing contexts for virtual host 'localhost'
16-Feb-2019 23:54:35.229 INFO [http-nio-8081-exec-36] org.apache.catalina.core.ApplicationContext.log Manager: list: Listing contexts for virtual host 'localhost'
16-Feb-2019 23:54:35.239 INFO [http-nio-8081-exec-42] org.apache.catalina.core.ApplicationContext.log Manager: undeploy: Undeploying web application at '/ContacListMVC'
16-Feb-2019 23:54:35.765 INFO [http-nio-8081-exec-34] org.apache.catalina.core.ApplicationContext.log Manager: install: Installing context configuration at 'file:/var/folders/b8/3v5r64054jg_lnb5zt1_02bw0000gn/T/context17381326829266004250.xml'
16-Feb-2019 23:54:37.738 INFO [http-nio-8081-exec-38] org.apache.catalina.core.ApplicationContext.log Manager: start: Starting web application '/ContacListMVC'
16-Feb-2019 23:54:46.910 INFO [http-nio-8081-exec-37] org.apache.catalina.core.ApplicationContext.log Manager: list: Listing contexts for virtual host 'localhost'
16-Feb-2019 23:54:46.918 INFO [http-nio-8081-exec-30] org.apache.catalina.core.ApplicationContext.log Manager: list: Listing contexts for virtual host 'localhost'
