14-Feb-2019 16:31:53.377 INFO [http-nio-8081-exec-5] org.apache.catalina.core.ApplicationContext.log Manager: init: Associated with Deployer 'Catalina:type=Deployer,host=localhost'
14-Feb-2019 16:31:53.378 INFO [http-nio-8081-exec-5] org.apache.catalina.core.ApplicationContext.log Manager: init: Global resources are available
14-Feb-2019 16:31:53.459 INFO [http-nio-8081-exec-9] org.apache.catalina.core.ApplicationContext.log Manager: list: Listing contexts for virtual host 'localhost'
14-Feb-2019 16:31:53.476 INFO [http-nio-8081-exec-10] org.apache.catalina.core.ApplicationContext.log Manager: list: Listing contexts for virtual host 'localhost'
14-Feb-2019 16:31:53.504 INFO [http-nio-8081-exec-1] org.apache.catalina.core.ApplicationContext.log Manager: undeploy: Undeploying web application at '/FirstMavenProjectUsingArchetype'
14-Feb-2019 16:31:54.102 INFO [http-nio-8081-exec-2] org.apache.catalina.core.ApplicationContext.log Manager: install: Installing context configuration at 'file:/var/folders/b8/3v5r64054jg_lnb5zt1_02bw0000gn/T/context1137594628698110195.xml'
14-Feb-2019 16:31:56.409 INFO [http-nio-8081-exec-10] org.apache.catalina.core.ApplicationContext.log Manager: start: Starting web application '/FirstMavenProjectUsingArchetype'
14-Feb-2019 16:54:07.629 INFO [http-nio-8081-exec-18] org.apache.catalina.core.ApplicationContext.log Manager: list: Listing contexts for virtual host 'localhost'
14-Feb-2019 16:54:07.638 INFO [http-nio-8081-exec-19] org.apache.catalina.core.ApplicationContext.log Manager: list: Listing contexts for virtual host 'localhost'
14-Feb-2019 16:54:07.666 INFO [http-nio-8081-exec-20] org.apache.catalina.core.ApplicationContext.log Manager: undeploy: Undeploying web application at '/FirstMavenProjectUsingArchetype'
14-Feb-2019 16:54:08.217 INFO [http-nio-8081-exec-13] org.apache.catalina.core.ApplicationContext.log Manager: install: Installing context configuration at 'file:/var/folders/b8/3v5r64054jg_lnb5zt1_02bw0000gn/T/context1926378351936096053.xml'
14-Feb-2019 16:54:09.939 INFO [http-nio-8081-exec-19] org.apache.catalina.core.ApplicationContext.log Manager: start: Starting web application '/FirstMavenProjectUsingArchetype'
14-Feb-2019 22:40:26.808 INFO [http-nio-8081-exec-30] org.apache.catalina.core.ApplicationContext.log Manager: list: Listing contexts for virtual host 'localhost'
14-Feb-2019 22:40:26.851 INFO [http-nio-8081-exec-21] org.apache.catalina.core.ApplicationContext.log Manager: undeploy: Undeploying web application at '/FirstMavenProjectUsingArchetype'
14-Feb-2019 22:40:35.045 INFO [http-nio-8081-exec-23] org.apache.catalina.core.ApplicationContext.log Manager: list: Listing contexts for virtual host 'localhost'
14-Feb-2019 22:40:35.059 INFO [http-nio-8081-exec-30] org.apache.catalina.core.ApplicationContext.log Manager: list: Listing contexts for virtual host 'localhost'
14-Feb-2019 22:40:35.077 INFO [http-nio-8081-exec-27] org.apache.catalina.core.ApplicationContext.log Manager: install: Installing context configuration at 'file:/var/folders/b8/3v5r64054jg_lnb5zt1_02bw0000gn/T/context18315967472489871164.xml'
14-Feb-2019 22:40:36.820 INFO [http-nio-8081-exec-31] org.apache.catalina.core.ApplicationContext.log Manager: start: Starting web application '/FirstMavenProjectUsingArchetype'
14-Feb-2019 23:05:04.445 INFO [http-nio-8081-exec-33] org.apache.catalina.core.ApplicationContext.log Manager: list: Listing contexts for virtual host 'localhost'
14-Feb-2019 23:05:04.454 INFO [http-nio-8081-exec-31] org.apache.catalina.core.ApplicationContext.log Manager: list: Listing contexts for virtual host 'localhost'
14-Feb-2019 23:05:04.469 INFO [http-nio-8081-exec-32] org.apache.catalina.core.ApplicationContext.log Manager: install: Installing context configuration at 'file:/var/folders/b8/3v5r64054jg_lnb5zt1_02bw0000gn/T/context14126366089351852181.xml'
14-Feb-2019 23:05:06.521 INFO [http-nio-8081-exec-31] org.apache.catalina.core.ApplicationContext.log Manager: start: Starting web application '/ContacListMVC'
